			reg = <0x00 0x00>;
			reg = <0x00 0x01>;
			reg = <0x00 0x02>;
			reg = <0x00 0x03>;
		logo-memory-region = <0x11>;
				logo,uboot = "logo.bmp";
				logo,kernel = "logo_kernel.bmp";
				logo,mode = "center";
				charge_logo,mode = "center";
				logo,uboot = "logo.bmp";
				logo,kernel = "logo_kernel.bmp";
				logo,mode = "center";
				charge_logo,mode = "center";
				logo,uboot = "logo.bmp";
				logo,kernel = "logo_kernel.bmp";
				logo,mode = "center";
				charge_logo,mode = "center";
				reg = <0x14>;
		reg = <0x00 0x10f000 0x00 0x100>;
		reg = <0x00 0xff000000 0x00 0x1000>;
				reg = <0x05>;
				reg = <0x07>;
				reg = <0x09>;
				reg = <0x0a>;
				reg = <0x0b>;
				reg = <0x0c>;
				reg = <0x0d>;
				reg = <0x0e>;
		reg = <0x00 0xff010000 0x00 0x1000>;
				reg = <0x01>;
		reg = <0x00 0xff030000 0x00 0x100>;
		reg = <0x00 0xff060000 0x00 0x1000>;
		reg = <0x00 0xff070000 0x00 0x1000>;
		reg = <0x00 0xff080000 0x00 0x1000>;
		reg = <0x00 0xff0b0000 0x00 0x400 0x00 0xff0b0480 0x00 0x3b80>;
		reg = <0x00 0xff0b0400 0x00 0x80>;
		reg = <0x00 0xff131000 0x00 0x1000 0x00 0xff132000 0x00 0x2000 0x00 0xff134000 0x00 0x2000 0x00 0xff136000 0x00 0x2000>;
		reg = <0x00 0xff140000 0x00 0x1000>;
					reg = <0x00>;
						reg = <0x00>;
					reg = <0x00>;
						reg = <0x00>;
		reg = <0x00 0xff148000 0x00 0x1000>;
				reg = <0x00>;
		reg = <0x00 0xff158000 0x00 0x100>;
		reg = <0x00 0xff160000 0x00 0x100>;
		reg = <0x00 0xff168000 0x00 0x100>;
		reg = <0x00 0xff170000 0x00 0x100>;
		reg = <0x00 0xff178000 0x00 0x100>;
		reg = <0x00 0xff180000 0x00 0x1000>;
			reg = <0x20>;
		reg = <0x00 0xff190000 0x00 0x1000>;
			reg = <0x0f>;
			reg = <0x4c>;
			reg = <0x40>;
			reg = <0x1c>;
		reg = <0x00 0xff1a0000 0x00 0x1000>;
			reg = <0x3c>;
			reg = <0x36>;
		reg = <0x00 0xff1b0000 0x00 0x1000>;
		reg = <0x00 0xff1d0000 0x00 0x1000>;
		reg = <0x00 0xff1d8000 0x00 0x1000>;
		reg = <0x00 0xff1e0000 0x00 0x100>;
		reg = <0x00 0xff200000 0x00 0x10>;
		reg = <0x00 0xff200010 0x00 0x10>;
		reg = <0x00 0xff200020 0x00 0x10>;
		reg = <0x00 0xff200030 0x00 0x10>;
		reg = <0x00 0xff208000 0x00 0x10>;
		reg = <0x00 0xff208010 0x00 0x10>;
		reg = <0x00 0xff208020 0x00 0x10>;
		reg = <0x00 0xff208030 0x00 0x10>;
		reg = <0x00 0xff210000 0x00 0x1000>;
			reg = <0x00 0xff240000 0x00 0x4000>;
		reg = <0x00 0xff280000 0x00 0x100>;
		reg = <0x00 0xff288000 0x00 0x100>;
		reg = <0x00 0xff290000 0x00 0x4000>;
			reg = <0x07 0x10>;
			reg = <0x17 0x01>;
			reg = <0x1e 0x01>;
		reg = <0x00 0xff2b0000 0x00 0x1000>;
		reg = <0x00 0xff2bc000 0x00 0x1000>;
		reg = <0x00 0xff2c0000 0x00 0x10000>;
			reg = <0x100 0x20>;
		reg = <0x00 0xff2e0000 0x00 0x10000 0x00 0xff450000 0x00 0x10000>;
		reg = <0x00 0xff2f0000 0x00 0x4000>;
				reg = <0x00>;
					reg = <0x01>;
				reg = <0x01>;
					reg = <0x00>;
		reg = <0x00 0xff300000 0x00 0x40000>;
		reg = <0x00 0xff340000 0x00 0x10000>;
		reg = <0x00 0xff350000 0x00 0x10000>;
		reg = <0x00 0xff360000 0x00 0x10000>;
		reg = <0x00 0xff370000 0x00 0x4000>;
		reg = <0x00 0xff380000 0x00 0x4000>;
		reg = <0x00 0xff390000 0x00 0x4000>;
		reg = <0x00 0xff3a0000 0x00 0x4000>;
		reg = <0x00 0xff3b0000 0x00 0x4000>;
		reg = <0x00 0xff400000 0x00 0x4000>;
		reg = <0x00 0xff442400 0x00 0x400>;
		reg = <0x00 0xff442800 0x00 0x100>;
		reg = <0x00 0xff442000 0x00 0x400>;
		reg = <0x00 0xff440000 0x00 0x400>;
		reg = <0x00 0xff440440 0x00 0x40 0x00 0xff440480 0x00 0x40>;
		reg = <0x00 0xff450000 0x00 0x10000>;
				reg = <0x00>;
					reg = <0x00>;
				reg = <0x01>;
			reg = <0x00>;
					reg = <0x00>;
		reg = <0x00 0xff460000 0x00 0x1fc 0x00 0xff460a00 0x00 0x400>;
				reg = <0x00>;
				reg = <0x01>;
				reg = <0x02>;
		reg = <0x00 0xff460f00 0x00 0x100>;
		reg = <0x00 0xff480000 0x00 0x1000>;
		reg = <0x00 0xff490000 0x00 0x200>;
		reg = <0x00 0xff490000 0x00 0x200>;
		reg = <0x00 0xff490800 0x00 0x100>;
		reg = <0x00 0xff4a0000 0x00 0x8000>;
		rockchip,isp,csiphy,reg = <0xff2f0000 0x4000>;
		reg = <0x00 0xff4a0000 0x00 0x8000>;
				reg = <0x00>;
		reg = <0x00 0xff4a8000 0x00 0x100>;
		reg = <0x00 0xff518000 0x00 0x20>;
		reg = <0x00 0xff520000 0x00 0x20>;
		reg = <0x00 0xff52c000 0x00 0x20>;
		reg = <0x00 0xff538000 0x00 0x20>;
		reg = <0x00 0xff538080 0x00 0x20>;
		reg = <0x00 0xff538100 0x00 0x20>;
		reg = <0x00 0xff538180 0x00 0x20>;
		reg = <0x00 0xff540000 0x00 0x20>;
		reg = <0x00 0xff540080 0x00 0x20>;
		reg = <0x00 0xff548000 0x00 0x20>;
		reg = <0x00 0xff548080 0x00 0x20>;
		reg = <0x00 0xff548100 0x00 0x20>;
		reg = <0x00 0xff548180 0x00 0x20>;
		reg = <0x00 0xff548200 0x00 0x20>;
		reg = <0x00 0xff550000 0x00 0x20>;
		reg = <0x00 0xff550080 0x00 0x20>;
		reg = <0x00 0xff550100 0x00 0x20>;
		reg = <0x00 0xff550180 0x00 0x20>;
		reg = <0x00 0xff558000 0x00 0x20>;
		reg = <0x00 0xff558080 0x00 0x20>;
		reg = <0x00 0xff610000 0x00 0x400>;
			reg = <0x00 0xff040000 0x00 0x100>;
			reg = <0x00 0xff250000 0x00 0x100>;
			reg = <0x00 0xff260000 0x00 0x100>;
			reg = <0x00 0xff270000 0x00 0x100>;
	reserved-memory {
		drm-logo@00000000 {
			compatible = "rockchip,drm-logo";
			reg = <0x00 0x00 0x00 0x00>;
			reg = <0x00 0x110000 0x00 0xf0000>;
		drm_logo = "/reserved-memory/drm-logo@00000000";
		ramoops = "/reserved-memory/ramoops@110000";
